09:40:34.323 INFO  org.mortbay.log                      - Logging to Logger[org.mortbay.log] via org.mortbay.log.Slf4jLog
09:40:34.746 INFO  o.f.r.wiring.ResourceDriverTracker   - Tracker started
09:40:34.746 INFO  o.f.r.wiring.ResourceManagerTracker  - Tracker started
09:40:34.747 INFO  o.f.r.w.ResourceControllerTracker    - Tracker started
09:40:36.451 INFO  n.t.f.m.d.p.PooledDataSource         - Creating DataSource with connection pool with properties {service.pid=nl.tno.fpai.monitoring.db.pooleddatasource.PooledDataSource.b2fa7d76-1cb9-4026-8d84-205422108ea4, service.factoryPid=nl.tno.fpai.monitoring.db.pooleddatasource.PooledDataSource, url=jdbc:mysql://fpaimonitoring.sensorlab.tno.nl:3306/vios_test, password=fpai, component.name=nl.tno.fpai.monitoring.db.pooleddatasource.PooledDataSource, userName=fpai, component.id=28, databaseName=}
09:40:37.042 INFO  n.t.f.m.d.w.ObservationWriterManager - Schema checked and created and populated all required tables where necessary
09:41:29.202 ERROR o.f.i.p.impl.InrgProtocolDriver      - Error in command (date=Wed Dec 18 09:41:16 CET 2013, address=8740, action=READ, status=ERROR, value=Value is NULL)
09:43:42.643 INFO  org.mortbay.log                      - Logging to Logger[org.mortbay.log] via org.mortbay.log.Slf4jLog
09:43:42.704 INFO  o.f.r.wiring.ResourceDriverTracker   - Tracker started
09:43:42.704 INFO  o.f.r.wiring.ResourceManagerTracker  - Tracker started
09:43:42.704 INFO  o.f.r.w.ResourceControllerTracker    - Tracker started
09:44:37.109 INFO  n.t.f.m.d.p.PooledDataSource         - Creating DataSource with connection pool with properties {service.pid=nl.tno.fpai.monitoring.db.pooleddatasource.PooledDataSource.7b64f69f-178c-4520-8149-ec509ad8db64, service.factoryPid=nl.tno.fpai.monitoring.db.pooleddatasource.PooledDataSource, url=jdbc:mysql://fpaimonitoring.sensorlab.tno.nl:3306/vios_test, password=fpai, component.name=nl.tno.fpai.monitoring.db.pooleddatasource.PooledDataSource, userName=fpai, component.id=28, databaseName=}
09:44:37.681 INFO  n.t.f.m.d.w.ObservationWriterManager - Schema checked and created and populated all required tables where necessary
09:45:24.439 INFO  org.mortbay.log                      - Logging to Logger[org.mortbay.log] via org.mortbay.log.Slf4jLog
09:45:24.553 INFO  o.f.r.wiring.ResourceDriverTracker   - Tracker started
09:45:24.553 INFO  o.f.r.wiring.ResourceManagerTracker  - Tracker started
09:45:24.553 INFO  o.f.r.w.ResourceControllerTracker    - Tracker started
09:45:24.701 INFO  n.t.f.m.d.p.PooledDataSource         - Creating DataSource with connection pool with properties {service.pid=nl.tno.fpai.monitoring.db.pooleddatasource.PooledDataSource.7b64f69f-178c-4520-8149-ec509ad8db64, service.factoryPid=nl.tno.fpai.monitoring.db.pooleddatasource.PooledDataSource, url=jdbc:mysql://fpaimonitoring.sensorlab.tno.nl:3306/vios_test, password=fpai, component.name=nl.tno.fpai.monitoring.db.pooleddatasource.PooledDataSource, userName=fpai, component.id=28, databaseName=}
09:45:25.155 INFO  n.t.f.m.d.w.ObservationWriterManager - Schema checked and created and populated all required tables where necessary
10:09:06.951 INFO  org.mortbay.log                      - Logging to Logger[org.mortbay.log] via org.mortbay.log.Slf4jLog
10:09:07.046 INFO  o.f.r.wiring.ResourceDriverTracker   - Tracker started
10:09:07.046 INFO  o.f.r.wiring.ResourceManagerTracker  - Tracker started
10:09:07.046 INFO  o.f.r.w.ResourceControllerTracker    - Tracker started
10:09:07.188 INFO  n.t.f.m.d.p.PooledDataSource         - Creating DataSource with connection pool with properties {service.pid=nl.tno.fpai.monitoring.db.pooleddatasource.PooledDataSource.7b64f69f-178c-4520-8149-ec509ad8db64, service.factoryPid=nl.tno.fpai.monitoring.db.pooleddatasource.PooledDataSource, url=jdbc:mysql://fpaimonitoring.sensorlab.tno.nl:3306/vios_test, password=fpai, component.name=nl.tno.fpai.monitoring.db.pooleddatasource.PooledDataSource, userName=fpai, component.id=28, databaseName=}
10:09:07.780 INFO  n.t.f.m.d.w.ObservationWriterManager - Schema checked and created and populated all required tables where necessary
10:09:07.929 INFO  n.t.f.m.d.p.PooledDataSource         - Creating DataSource with connection pool with properties {service.pid=nl.tno.fpai.monitoring.db.pooleddatasource.PooledDataSource.7b64f69f-178c-4520-8149-ec509ad8db64, service.factoryPid=nl.tno.fpai.monitoring.db.pooleddatasource.PooledDataSource, url=jdbc:mysql://fpaimonitoring.sensorlab.tno.nl:3306/vios_test, password=fpai, component.name=nl.tno.fpai.monitoring.db.pooleddatasource.PooledDataSource, userName=fpai, component.id=33, databaseName=}
10:09:08.323 INFO  n.t.f.m.d.w.ObservationWriterManager - Schema checked and created and populated all required tables where necessary
10:09:08.420 INFO  n.t.f.m.d.w.ObservationWriterManager - Schema checked and created and populated all required tables where necessary
10:09:20.631 INFO  org.mortbay.log                      - Logging to Logger[org.mortbay.log] via org.mortbay.log.Slf4jLog
10:09:20.695 INFO  o.f.r.wiring.ResourceDriverTracker   - Tracker started
10:09:20.695 INFO  o.f.r.wiring.ResourceManagerTracker  - Tracker started
10:09:20.695 INFO  o.f.r.w.ResourceControllerTracker    - Tracker started
10:09:48.903 INFO  n.t.f.m.d.p.PooledDataSource         - Creating DataSource with connection pool with properties {service.pid=nl.tno.fpai.monitoring.db.pooleddatasource.PooledDataSource.6681c002-6de5-4b07-997d-2cedc98391fc, service.factoryPid=nl.tno.fpai.monitoring.db.pooleddatasource.PooledDataSource, url=jdbc:mysql://fpaimonitoring.sensorlab.tno.nl:3306/vios_test, password=fpai, component.name=nl.tno.fpai.monitoring.db.pooleddatasource.PooledDataSource, userName=fpai, component.id=28, databaseName=}
10:09:49.332 INFO  n.t.f.m.d.w.ObservationWriterManager - Schema checked and created and populated all required tables where necessary
10:11:11.116 ERROR o.f.i.p.impl.InrgProtocolDriver      - Error in command (date=Wed Dec 18 10:10:58 CET 2013, address=7750, action=READ, status=ERROR, value=Value is NULL)
10:11:42.266 INFO  o.f.s.device.SmartMeterDevice        - Initializing SmartMeterDevice
10:11:42.818 INFO  o.f.s.device.SmartMeterDevice        - Port found: COM1
10:11:42.916 INFO  o.f.s.device.SmartMeterDevice        - Port found: COM3
10:11:43.021 INFO  o.f.s.device.SmartMeterDevice        - Port found: COM13
10:11:43.122 INFO  o.f.s.device.SmartMeterDevice        - Port found: COM14
10:11:43.220 INFO  o.f.s.device.SmartMeterDevice        - Port found: LPT1
10:11:43.318 INFO  o.f.s.device.SmartMeterDevice        - Finished initializing SmartMeterDevice. Found 5 devices
10:14:45.433 ERROR o.f.i.p.impl.InrgProtocolDriver      - Error in command (date=Wed Dec 18 10:14:33 CET 2013, address=8740, action=READ, status=ERROR, value=Value is NULL)
10:15:24.933 ERROR o.f.i.p.impl.InrgProtocolDriver      - Error in command (date=Wed Dec 18 10:15:12 CET 2013, address=8740, action=READ, status=ERROR, value=Value is NULL)
10:18:58.213 ERROR o.f.i.p.impl.InrgProtocolDriver      - Error in command (date=Wed Dec 18 10:18:45 CET 2013, address=8740, action=READ, status=ERROR, value=Value is NULL)
10:19:23.985 ERROR o.f.i.p.impl.InrgProtocolDriver      - Error in command (date=Wed Dec 18 10:19:11 CET 2013, address=8740, action=READ, status=ERROR, value=Value is NULL)
10:22:38.360 ERROR o.f.i.p.impl.InrgProtocolDriver      - Error in command (date=Wed Dec 18 10:22:24 CET 2013, address=8740, action=READ, status=ERROR, value=Value is NULL)
10:23:09.706 ERROR o.f.i.p.impl.InrgProtocolDriver      - Error in command (date=Wed Dec 18 10:22:56 CET 2013, address=3213, action=READ, status=ERROR, value=Value is NULL)
10:26:46.345 ERROR o.f.i.p.impl.InrgProtocolDriver      - Error in command (date=Wed Dec 18 10:26:33 CET 2013, address=8740, action=READ, status=ERROR, value=Value is NULL)
10:27:17.003 ERROR o.f.i.p.impl.InrgProtocolDriver      - Error in command (date=Wed Dec 18 10:27:03 CET 2013, address=1612, action=READ, status=ERROR, value=Value is NULL)
10:30:37.637 ERROR o.f.i.p.impl.InrgProtocolDriver      - Error in command (date=Wed Dec 18 10:30:25 CET 2013, address=8740, action=READ, status=ERROR, value=Value is NULL)
10:31:27.201 ERROR o.f.i.p.impl.InrgProtocolDriver      - Error in command (date=Wed Dec 18 10:31:14 CET 2013, address=8740, action=READ, status=ERROR, value=Value is NULL)
10:34:41.823 ERROR o.f.i.p.impl.InrgProtocolDriver      - Error in command (date=Wed Dec 18 10:34:29 CET 2013, address=8740, action=READ, status=ERROR, value=Value is NULL)
10:35:18.635 ERROR o.f.i.p.impl.InrgProtocolDriver      - Error in command (date=Wed Dec 18 10:35:05 CET 2013, address=8740, action=READ, status=ERROR, value=Value is NULL)
10:39:27.692 ERROR o.f.i.p.impl.InrgProtocolDriver      - Error in command (date=Wed Dec 18 10:39:14 CET 2013, address=8740, action=READ, status=ERROR, value=Value is NULL)
10:42:38.868 ERROR o.f.i.p.impl.InrgProtocolDriver      - Error in command (date=Wed Dec 18 10:42:27 CET 2013, address=8740, action=READ, status=ERROR, value=Value is NULL)
10:43:15.916 ERROR o.f.i.p.impl.InrgProtocolDriver      - Error in command (date=Wed Dec 18 10:42:59 CET 2013, address=8204, action=READ, status=ERROR, value=Value is NULL)
10:46:45.985 ERROR o.f.i.p.impl.InrgProtocolDriver      - Error in command (date=Wed Dec 18 10:46:33 CET 2013, address=8740, action=READ, status=ERROR, value=Value is NULL)
