14:48:56.977 INFO  org.mortbay.log                      - Logging to Logger[org.mortbay.log] via org.mortbay.log.Slf4jLog
14:48:57.043 INFO  o.f.r.wiring.ResourceDriverTracker   - Tracker started
14:48:57.043 INFO  o.f.r.wiring.ResourceManagerTracker  - Tracker started
14:48:57.043 INFO  o.f.r.w.ResourceControllerTracker    - Tracker started
14:53:34.655 INFO  org.mortbay.log                      - Logging to Logger[org.mortbay.log] via org.mortbay.log.Slf4jLog
14:53:34.720 INFO  o.f.r.wiring.ResourceDriverTracker   - Tracker started
14:53:34.720 INFO  o.f.r.wiring.ResourceManagerTracker  - Tracker started
14:53:34.720 INFO  o.f.r.w.ResourceControllerTracker    - Tracker started
14:53:54.034 INFO  org.mortbay.log                      - Logging to Logger[org.mortbay.log] via org.mortbay.log.Slf4jLog
14:53:54.097 INFO  o.f.r.wiring.ResourceDriverTracker   - Tracker started
14:53:54.098 INFO  o.f.r.wiring.ResourceManagerTracker  - Tracker started
14:53:54.098 INFO  o.f.r.w.ResourceControllerTracker    - Tracker started
14:54:09.779 ERROR o.f.pvpanel.simulation.PVSimulation  - Error during initialization of the PV simulation: Attribute is required but not set powerWhenCloudy
java.lang.IllegalStateException: Attribute is required but not set powerWhenCloudy
	at aQute.bnd.annotation.metatype.Configurable$ConfigurableHandler.invoke(Configurable.java:49) ~[na:na]
	at org.flexiblepower.pvpanel.simulation.$Proxy6.powerWhenCloudy(Unknown Source) ~[na:na]
	at org.flexiblepower.pvpanel.simulation.PVSimulation.activate(PVSimulation.java:72) ~[na:na]
	at sun.reflect.NativeMethodAccessorImpl.invoke0(Native Method) ~[na:1.7.0_51]
	at sun.reflect.NativeMethodAccessorImpl.invoke(Unknown Source) ~[na:1.7.0_51]
	at sun.reflect.DelegatingMethodAccessorImpl.invoke(Unknown Source) ~[na:1.7.0_51]
	at java.lang.reflect.Method.invoke(Unknown Source) ~[na:1.7.0_51]
	at org.apache.felix.scr.impl.helper.BaseMethod.invokeMethod(BaseMethod.java:236) ~[na:na]
	at org.apache.felix.scr.impl.helper.BaseMethod.access$500(BaseMethod.java:37) ~[na:na]
	at org.apache.felix.scr.impl.helper.BaseMethod$Resolved.invoke(BaseMethod.java:613) ~[na:na]
	at org.apache.felix.scr.impl.helper.BaseMethod.invoke(BaseMethod.java:496) ~[na:na]
	at org.apache.felix.scr.impl.helper.ActivateMethod.invoke(ActivateMethod.java:149) ~[na:na]
	at org.apache.felix.scr.impl.manager.ImmediateComponentManager.createImplementationObject(ImmediateComponentManager.java:239) ~[na:na]
	at org.apache.felix.scr.impl.manager.ImmediateComponentManager.createComponent(ImmediateComponentManager.java:119) ~[na:na]
	at org.apache.felix.scr.impl.manager.AbstractComponentManager$Registered.getService(AbstractComponentManager.java:1694) ~[na:na]
	at org.apache.felix.scr.impl.manager.ImmediateComponentManager.getService(ImmediateComponentManager.java:667) ~[na:na]
	at org.eclipse.osgi.internal.serviceregistry.ServiceUse$1.run(ServiceUse.java:141) ~[org.eclipse.osgi-3.9.0.jar:na]
	at java.security.AccessController.doPrivileged(Native Method) ~[na:1.7.0_51]
	at org.eclipse.osgi.internal.serviceregistry.ServiceUse.getService(ServiceUse.java:139) ~[org.eclipse.osgi-3.9.0.jar:na]
	at org.eclipse.osgi.internal.serviceregistry.ServiceRegistrationImpl.getService(ServiceRegistrationImpl.java:468) ~[org.eclipse.osgi-3.9.0.jar:na]
	at org.eclipse.osgi.internal.serviceregistry.ServiceRegistry.getService(ServiceRegistry.java:467) ~[org.eclipse.osgi-3.9.0.jar:na]
	at org.eclipse.osgi.framework.internal.core.BundleContextImpl.getService(BundleContextImpl.java:594) ~[org.eclipse.osgi-3.9.0.jar:na]
	at org.flexiblepower.runtime.wiring.SimpleTracker.track(SimpleTracker.java:97) ~[na:na]
	at org.flexiblepower.runtime.wiring.SimpleTracker.serviceChanged(SimpleTracker.java:73) ~[na:na]
	at org.eclipse.osgi.internal.serviceregistry.FilteredServiceListener.serviceChanged(FilteredServiceListener.java:107) ~[org.eclipse.osgi-3.9.0.jar:na]
	at org.eclipse.osgi.framework.internal.core.BundleContextImpl.dispatchEvent(BundleContextImpl.java:861) ~[org.eclipse.osgi-3.9.0.jar:na]
	at org.eclipse.osgi.framework.eventmgr.EventManager.dispatchEvent(EventManager.java:230) ~[org.eclipse.osgi-3.9.0.jar:na]
	at org.eclipse.osgi.framework.eventmgr.ListenerQueue.dispatchEventSynchronous(ListenerQueue.java:148) ~[org.eclipse.osgi-3.9.0.jar:na]
	at org.eclipse.osgi.internal.serviceregistry.ServiceRegistry.publishServiceEventPrivileged(ServiceRegistry.java:819) ~[org.eclipse.osgi-3.9.0.jar:na]
	at org.eclipse.osgi.internal.serviceregistry.ServiceRegistry.publishServiceEvent(ServiceRegistry.java:771) ~[org.eclipse.osgi-3.9.0.jar:na]
	at org.eclipse.osgi.internal.serviceregistry.ServiceRegistrationImpl.register(ServiceRegistrationImpl.java:130) ~[org.eclipse.osgi-3.9.0.jar:na]
	at org.eclipse.osgi.internal.serviceregistry.ServiceRegistry.registerService(ServiceRegistry.java:214) ~[org.eclipse.osgi-3.9.0.jar:na]
	at org.eclipse.osgi.framework.internal.core.BundleContextImpl.registerService(BundleContextImpl.java:433) ~[org.eclipse.osgi-3.9.0.jar:na]
	at org.apache.felix.scr.impl.manager.AbstractComponentManager.registerService(AbstractComponentManager.java:660) ~[na:na]
	at org.apache.felix.scr.impl.manager.AbstractComponentManager.registerService(AbstractComponentManager.java:644) ~[na:na]
	at org.apache.felix.scr.impl.manager.AbstractComponentManager.registerComponentService(AbstractComponentManager.java:688) ~[na:na]
	at org.apache.felix.scr.impl.manager.AbstractComponentManager$Unsatisfied.activate(AbstractComponentManager.java:1481) ~[na:na]
	at org.apache.felix.scr.impl.manager.AbstractComponentManager.activateInternal(AbstractComponentManager.java:550) ~[na:na]
	at org.apache.felix.scr.impl.manager.ImmediateComponentManager.reconfigure(ImmediateComponentManager.java:483) ~[na:na]
	at org.apache.felix.scr.impl.config.ImmediateComponentHolder.configurationUpdated(ImmediateComponentHolder.java:300) ~[na:na]
	at org.apache.felix.scr.impl.config.ConfigurationSupport.configurationEvent(ConfigurationSupport.java:241) ~[na:na]
	at org.apache.felix.cm.impl.ConfigurationManager$FireConfigurationEvent.sendEvent(ConfigurationManager.java:2011) ~[na:na]
	at org.apache.felix.cm.impl.ConfigurationManager$FireConfigurationEvent.run(ConfigurationManager.java:1981) ~[na:na]
	at org.apache.felix.cm.impl.UpdateThread.run(UpdateThread.java:103) ~[na:na]
	at java.lang.Thread.run(Unknown Source) ~[na:1.7.0_51]
14:56:57.630 ERROR o.f.pvpanel.simulation.PVSimulation  - Error during initialization of the PV simulation: Attribute is required but not set updateFrequency
java.lang.IllegalStateException: Attribute is required but not set updateFrequency
	at aQute.bnd.annotation.metatype.Configurable$ConfigurableHandler.invoke(Configurable.java:49) ~[na:na]
	at org.flexiblepower.pvpanel.simulation.$Proxy6.updateFrequency(Unknown Source) ~[na:na]
	at org.flexiblepower.pvpanel.simulation.PVSimulation.activate(PVSimulation.java:79) ~[na:na]
	at sun.reflect.NativeMethodAccessorImpl.invoke0(Native Method) ~[na:1.7.0_51]
	at sun.reflect.NativeMethodAccessorImpl.invoke(Unknown Source) ~[na:1.7.0_51]
	at sun.reflect.DelegatingMethodAccessorImpl.invoke(Unknown Source) ~[na:1.7.0_51]
	at java.lang.reflect.Method.invoke(Unknown Source) ~[na:1.7.0_51]
	at org.apache.felix.scr.impl.helper.BaseMethod.invokeMethod(BaseMethod.java:236) ~[na:na]
	at org.apache.felix.scr.impl.helper.BaseMethod.access$500(BaseMethod.java:37) ~[na:na]
	at org.apache.felix.scr.impl.helper.BaseMethod$Resolved.invoke(BaseMethod.java:613) ~[na:na]
	at org.apache.felix.scr.impl.helper.BaseMethod.invoke(BaseMethod.java:496) ~[na:na]
	at org.apache.felix.scr.impl.helper.ActivateMethod.invoke(ActivateMethod.java:149) ~[na:na]
	at org.apache.felix.scr.impl.manager.ImmediateComponentManager.createImplementationObject(ImmediateComponentManager.java:239) ~[na:na]
	at org.apache.felix.scr.impl.manager.ImmediateComponentManager.createComponent(ImmediateComponentManager.java:119) ~[na:na]
	at org.apache.felix.scr.impl.manager.AbstractComponentManager$Registered.getService(AbstractComponentManager.java:1694) ~[na:na]
	at org.apache.felix.scr.impl.manager.ImmediateComponentManager.getService(ImmediateComponentManager.java:667) ~[na:na]
	at org.eclipse.osgi.internal.serviceregistry.ServiceUse$1.run(ServiceUse.java:141) ~[org.eclipse.osgi-3.9.0.jar:na]
	at java.security.AccessController.doPrivileged(Native Method) ~[na:1.7.0_51]
	at org.eclipse.osgi.internal.serviceregistry.ServiceUse.getService(ServiceUse.java:139) ~[org.eclipse.osgi-3.9.0.jar:na]
	at org.eclipse.osgi.internal.serviceregistry.ServiceRegistrationImpl.getService(ServiceRegistrationImpl.java:468) ~[org.eclipse.osgi-3.9.0.jar:na]
	at org.eclipse.osgi.internal.serviceregistry.ServiceRegistry.getService(ServiceRegistry.java:467) ~[org.eclipse.osgi-3.9.0.jar:na]
	at org.eclipse.osgi.framework.internal.core.BundleContextImpl.getService(BundleContextImpl.java:594) ~[org.eclipse.osgi-3.9.0.jar:na]
	at org.flexiblepower.runtime.wiring.SimpleTracker.track(SimpleTracker.java:97) ~[na:na]
	at org.flexiblepower.runtime.wiring.SimpleTracker.serviceChanged(SimpleTracker.java:73) ~[na:na]
	at org.eclipse.osgi.internal.serviceregistry.FilteredServiceListener.serviceChanged(FilteredServiceListener.java:107) ~[org.eclipse.osgi-3.9.0.jar:na]
	at org.eclipse.osgi.framework.internal.core.BundleContextImpl.dispatchEvent(BundleContextImpl.java:861) ~[org.eclipse.osgi-3.9.0.jar:na]
	at org.eclipse.osgi.framework.eventmgr.EventManager.dispatchEvent(EventManager.java:230) ~[org.eclipse.osgi-3.9.0.jar:na]
	at org.eclipse.osgi.framework.eventmgr.ListenerQueue.dispatchEventSynchronous(ListenerQueue.java:148) ~[org.eclipse.osgi-3.9.0.jar:na]
	at org.eclipse.osgi.internal.serviceregistry.ServiceRegistry.publishServiceEventPrivileged(ServiceRegistry.java:819) ~[org.eclipse.osgi-3.9.0.jar:na]
	at org.eclipse.osgi.internal.serviceregistry.ServiceRegistry.publishServiceEvent(ServiceRegistry.java:771) ~[org.eclipse.osgi-3.9.0.jar:na]
	at org.eclipse.osgi.internal.serviceregistry.ServiceRegistrationImpl.register(ServiceRegistrationImpl.java:130) ~[org.eclipse.osgi-3.9.0.jar:na]
	at org.eclipse.osgi.internal.serviceregistry.ServiceRegistry.registerService(ServiceRegistry.java:214) ~[org.eclipse.osgi-3.9.0.jar:na]
	at org.eclipse.osgi.framework.internal.core.BundleContextImpl.registerService(BundleContextImpl.java:433) ~[org.eclipse.osgi-3.9.0.jar:na]
	at org.apache.felix.scr.impl.manager.AbstractComponentManager.registerService(AbstractComponentManager.java:660) ~[na:na]
	at org.apache.felix.scr.impl.manager.AbstractComponentManager.registerService(AbstractComponentManager.java:644) ~[na:na]
	at org.apache.felix.scr.impl.manager.AbstractComponentManager.registerComponentService(AbstractComponentManager.java:688) ~[na:na]
	at org.apache.felix.scr.impl.manager.AbstractComponentManager$Unsatisfied.activate(AbstractComponentManager.java:1481) ~[na:na]
	at org.apache.felix.scr.impl.manager.AbstractComponentManager.activateInternal(AbstractComponentManager.java:550) ~[na:na]
	at org.apache.felix.scr.impl.manager.AbstractComponentManager.enable(AbstractComponentManager.java:261) ~[na:na]
	at org.apache.felix.scr.impl.config.ImmediateComponentHolder.configurationUpdated(ImmediateComponentHolder.java:305) ~[na:na]
	at org.apache.felix.scr.impl.config.ConfigurationSupport.configurationEvent(ConfigurationSupport.java:241) ~[na:na]
	at org.apache.felix.cm.impl.ConfigurationManager$FireConfigurationEvent.sendEvent(ConfigurationManager.java:2011) ~[na:na]
	at org.apache.felix.cm.impl.ConfigurationManager$FireConfigurationEvent.run(ConfigurationManager.java:1981) ~[na:na]
	at org.apache.felix.cm.impl.UpdateThread.run(UpdateThread.java:103) ~[na:na]
	at java.lang.Thread.run(Unknown Source) ~[na:1.7.0_51]
15:03:04.067 INFO  org.mortbay.log                      - Logging to Logger[org.mortbay.log] via org.mortbay.log.Slf4jLog
15:03:04.128 INFO  o.f.r.wiring.ResourceDriverTracker   - Tracker started
15:03:04.128 INFO  o.f.r.wiring.ResourceManagerTracker  - Tracker started
15:03:04.128 INFO  o.f.r.w.ResourceControllerTracker    - Tracker started
15:03:30.774 WARN  o.f.runtime.ui.server.PageManager$1  - Unknown path [//widget/3/index.html]
